import time: self [us] | cumulative | imported package
import time:       155 |        155 |   _io
import time:        19 |         19 |   marshal
import time:       236 |        236 |   posix
import time:       204 |        613 | _frozen_importlib_external
import time:       989 |        989 |   time
import time:        74 |       1063 | zipimport
import time:        80 |         80 |     _codecs
import time:       134 |        213 |   codecs
import time:       461 |        461 |   encodings.aliases
import time:       643 |       1317 | encodings
import time:       308 |        308 | encodings.utf_8
import time:        78 |         78 | _signal
import time:        18 |         18 |     _abc
import time:        76 |         94 |   abc
import time:        94 |        187 | io
import time:        31 |         31 |       _stat
import time:        32 |         63 |     stat
import time:       462 |        462 |     _collections_abc
import time:        16 |         16 |       genericpath
import time:        30 |         46 |     posixpath
import time:       169 |        737 |   os
import time:        34 |         34 |   _sitebuiltins
import time:       178 |        178 |   sitecustomize
import time:       263 |       1211 | site
import time:       270 |        270 |         django.utils
import time:       469 |        469 |           _datetime
import time:       208 |        677 |         datetime
import time:        70 |         70 |             itertools
import time:       227 |        227 |             keyword
import time:        35 |         35 |               _operator
import time:       296 |        331 |             operator
import time:       242 |        242 |             reprlib
import time:        36 |         36 |             _collections
import time:       698 |       1600 |           collections
import time:       314 |        314 |           types
import time:        27 |         27 |           _functools
import time:       566 |       2505 |         functools
import time:        30 |         30 |           errno
import time:       868 |        868 |               enum
import time:        91 |         91 |                 _sre
import time:       307 |        307 |                   re._constants
import time:       261 |        567 |                 re._parser
import time:       227 |        227 |                 re._casefix
import time:       451 |       1335 |               re._compiler
import time:       201 |        201 |               copyreg
import time:       459 |       2862 |             re
import time:        40 |         40 |             _locale
import time:       791 |       3692 |           locale
import time:       461 |        461 |           signal
import time:       260 |        260 |             _weakrefset
import time:       593 |        852 |           threading
import time:       313 |        313 |           warnings
import time:       471 |        471 |           contextlib
import time:       517 |        517 |           fcntl
import time:        39 |         39 |           msvcrt
import time:       522 |        522 |           _posixsubprocess
import time:       513 |        513 |           select
import time:       719 |        719 |             collections.abc
import time:       429 |        429 |             math
import time:       355 |       1502 |           selectors
import time:       551 |       9459 |         subprocess
import time:       404 |        404 |               weakref
import time:       229 |        632 |             copy
import time:       304 |        935 |           django.utils.functional
import time:       281 |       1216 |         django.utils.regex_helper
import time:       431 |      14556 |       django.utils.version
import time:       340 |      14895 |     django
import time:       200 |      15095 |   django.core
import time:       202 |        202 |     importlib
import time:       241 |        241 |       importlib._abc
import time:        64 |        304 |     importlib.util
import time:        22 |         22 |     importlib.machinery
import time:        18 |         18 |       _typing
import time:      1588 |       1605 |     typing
import time:       356 |       2487 |   pkgutil
import time:       723 |        723 |     gettext
import time:       847 |       1570 |   argparse
import time:       541 |        541 |       _heapq
import time:       299 |        840 |     heapq
import time:       591 |       1430 |   difflib
import time:       693 |        693 |           _ast
import time:       892 |       1584 |         ast
import time:       338 |        338 |             _opcode
import time:       376 |        713 |           opcode
import time:       621 |       1334 |         dis
import time:       199 |        199 |             token
import time:        18 |         18 |             _tokenize
import time:       610 |        826 |           tokenize
import time:       256 |       1082 |         linecache
import time:      1324 |       5323 |       inspect
import time:       177 |        177 |         django.utils.hashable
import time:       412 |        589 |       django.core.exceptions
import time:       199 |        199 |       django.utils.module_loading
import time:       296 |       6405 |     django.apps.config
import time:       263 |        263 |     django.apps.registry
import time:       317 |       6984 |   django.apps
import time:       558 |        558 |       textwrap
import time:       492 |       1050 |     traceback
import time:       296 |        296 |       fnmatch
import time:        32 |         32 |         _winapi
import time:        28 |         28 |         nt
import time:        25 |         25 |         nt
import time:        24 |         24 |         nt
import time:        24 |         24 |         nt
import time:        25 |         25 |         nt
import time:        25 |         25 |         nt
import time:        52 |        233 |       ntpath
import time:       218 |        218 |         urllib
import time:      1244 |       1244 |         ipaddress
import time:       754 |       2215 |       urllib.parse
import time:       632 |       3374 |     pathlib
import time:       438 |        438 |     django.conf.global_settings
import time:       298 |       5157 |   django.conf
import time:       309 |        309 |       django.core.checks.messages
import time:       365 |        365 |         django.utils.inspect
import time:       335 |        700 |       django.core.checks.registry
import time:       225 |        225 |       django.core.checks.async_checks
import time:       275 |        275 |                       concurrent
import time:        16 |         16 |                             _string
import time:       544 |        560 |                           string
import time:        18 |         18 |                           atexit
import time:      1034 |       1612 |                         logging
import time:       526 |       2137 |                       concurrent.futures._base
import time:       197 |       2609 |                     concurrent.futures
import time:       740 |        740 |                       _socket
import time:       514 |        514 |                       array
import time:       842 |       2095 |                     socket
import time:      1970 |       1970 |                       _ssl
import time:       731 |        731 |                           _struct
import time:       270 |       1000 |                         struct
import time:       513 |        513 |                         binascii
import time:       438 |       1950 |                       base64
import time:      1691 |       5611 |                     ssl
import time:       406 |        406 |                     asyncio.constants
import time:       365 |        365 |                     asyncio.coroutines
import time:       523 |        523 |                         _contextvars
import time:       110 |        633 |                       contextvars
import time:       122 |        122 |                       asyncio.format_helpers
import time:       137 |        137 |                         asyncio.base_futures
import time:       166 |        166 |                         asyncio.exceptions
import time:       213 |        213 |                         asyncio.base_tasks
import time:       557 |       1071 |                       _asyncio
import time:       486 |       2310 |                     asyncio.events
import time:       275 |        275 |                     asyncio.futures
import time:       241 |        241 |                     asyncio.protocols
import time:       309 |        309 |                       asyncio.transports
import time:        84 |         84 |                       asyncio.log
import time:       481 |        873 |                     asyncio.sslproto
import time:        99 |         99 |                         asyncio.mixins
import time:       392 |        490 |                       asyncio.locks
import time:       411 |        411 |                         asyncio.timeouts
import time:       389 |        800 |                       asyncio.tasks
import time:       213 |       1502 |                     asyncio.staggered
import time:       237 |        237 |                     asyncio.trsock
import time:       692 |      17211 |                   asyncio.base_events
import time:       273 |        273 |                   asyncio.runners
import time:       280 |        280 |                   asyncio.queues
import time:       310 |        310 |                   asyncio.streams
import time:       162 |        162 |                   asyncio.subprocess
import time:       203 |        203 |                   asyncio.taskgroups
import time:        89 |         89 |                   asyncio.threads
import time:       295 |        295 |                     asyncio.base_subprocess
import time:       865 |        865 |                     asyncio.selector_events
import time:       549 |       1707 |                   asyncio.unix_events
import time:       246 |      20478 |                 asyncio
import time:       250 |        250 |                   asgiref
import time:       506 |        506 |                       _queue
import time:       276 |        781 |                     queue
import time:       167 |        948 |                   concurrent.futures.thread
import time:       299 |        299 |                   asgiref.current_thread_executor
import time:       306 |        306 |                   asgiref.local
import time:       711 |       2512 |                 asgiref.sync
import time:       375 |      23364 |               django.dispatch.dispatcher
import time:       466 |      23829 |             django.dispatch
import time:       194 |      24022 |           django.core.signals
import time:       265 |        265 |             django.core.cache.backends
import time:       344 |        609 |           django.core.cache.backends.base
import time:       145 |        145 |           django.utils.connection
import time:       238 |      25013 |         django.core.cache
import time:       210 |        210 |           glob
import time:       320 |        320 |             _compat_pickle
import time:       590 |        590 |             _pickle
import time:       708 |       1617 |           pickle
import time:       457 |        457 |               _bisect
import time:       106 |        563 |             bisect
import time:       626 |        626 |             _random
import time:       519 |        519 |             _sha2
import time:       444 |       2149 |           random
import time:       545 |        545 |               zlib
import time:       257 |        257 |                 _compression
import time:       608 |        608 |                 _bz2
import time:       287 |       1151 |               bz2
import time:       665 |        665 |                 _lzma
import time:       283 |        947 |               lzma
import time:       530 |       3171 |             shutil
import time:       439 |       3609 |           tempfile
import time:      1011 |       1011 |             _hashlib
import time:       542 |        542 |             _blake2
import time:       363 |       1915 |           hashlib
import time:       132 |        132 |               django.core.files.utils
import time:       277 |        408 |             django.core.files.base
import time:       218 |        626 |           django.core.files
import time:       102 |        102 |           django.core.files.locks
import time:        82 |         82 |           django.core.files.move
import time:       267 |      10575 |         django.core.cache.backends.filebased
import time:       203 |      35790 |       django.core.checks.caches
import time:       102 |        102 |       django.core.checks.commands
import time:   1191064 |    1191064 |         django.core.checks.compatibility
import time:   1796143 |    2987207 |       django.core.checks.compatibility.django_4_0
import time:   1842286 |    1842286 |           django.db.utils
import time:   2125594 |    3967880 |         django.db
import time:   1768494 |    5736373 |       django.core.checks.database
import time:   1794942 |    1794942 |       django.core.checks.files
import time:   1751819 |    1751819 |       django.core.checks.model_checks
import time:   1817750 |    1817750 |         django.core.checks.security
import time:   1122909 |    2940659 |       django.core.checks.security.base
import time:   2649386 |    2649386 |       django.core.checks.security.csrf
import time:   1662929 |    1662929 |       django.core.checks.security.sessions
import time:   1675925 |    1675925 |       django.core.checks.templates
import time:      1179 |       1179 |               numbers
import time:      3745 |       4924 |             _decimal
import time:       992 |       5915 |           decimal
import time:      1615 |       1615 |             termios
import time:        97 |         97 |             pywatchman
import time:   1753653 |    1755364 |           django.utils.autoreload
import time:   2125468 |    3886747 |         django.utils.translation
import time:   1804047 |    1804047 |           django.conf.locale
import time:   2111011 |    2111011 |           django.utils.safestring
import time:   2764377 |    6679434 |         django.utils.translation.trans_real
import time:   1529371 |   12095551 |       django.core.checks.translation
import time:   1767986 |    1767986 |       django.core.checks.urls
import time:      2337 |   35102233 |     django.core.checks
import time:   2041540 |    2041540 |       django.utils.termcolors
import time:       766 |        766 |       colorama
import time:   1771165 |    3813471 |     django.core.management.color
import time:      1797 |   38917500 |   django.core.management.base
import time:       683 |   38950903 | django.core.management
import time:      6681 |       6681 |         http
import time:      2981 |       2981 |         http.cookies
import time:   2608665 |    2618326 |       django.http.cookie
import time:       879 |        879 |                 _json
import time:       303 |       1182 |               json.scanner
import time:       361 |       1543 |             json.decoder
import time:       276 |        276 |             json.encoder
import time:       208 |       2026 |           json
import time:       727 |        727 |             hmac
import time:       494 |        494 |             secrets
import time:   1426800 |    1426800 |             django.utils.encoding
import time:   2007262 |    3435281 |           django.utils.crypto
import time:   2211848 |    5649154 |         django.core.signing
import time:   2105430 |    2105430 |             django.core.files.temp
import time:   1919205 |    4024635 |           django.core.files.uploadedfile
import time:   1532465 |    5557099 |         django.core.files.uploadhandler
import time:      2068 |       2068 |             html.entities
import time:      1088 |       3156 |           html
import time:   1367823 |    1367823 |           django.utils.datastructures
import time:      1907 |       1907 |             unicodedata
import time:       512 |        512 |               email
import time:      1397 |       1397 |                 calendar
import time:       516 |       1912 |               email._parseaddr
import time:       412 |        412 |                 email.base64mime
import time:       686 |        686 |                 email.quoprimime
import time:      1098 |       1098 |                 email.errors
import time:       423 |        423 |                   quopri
import time:       337 |        759 |                 email.encoders
import time:       555 |       3508 |               email.charset
import time:      1749 |       7680 |             email.utils
import time:   2798241 |    2807827 |           django.utils.http
import time:   2706058 |    6884862 |         django.http.multipartparser
import time:   1955351 |   20046464 |       django.http.request
import time:       173 |        173 |           _winapi
import time:       138 |        138 |           winreg
import time:      1139 |       1449 |         mimetypes
import time:      1442 |       1442 |         email.header
import time:      1404 |       1404 |               email._policybase
import time:      1244 |       2647 |             email.feedparser
import time:       540 |       3186 |           email.parser
import time:       825 |        825 |             email._encoded_words
import time:       622 |        622 |             email.iterators
import time:      1546 |       2991 |           email.message
import time:      2017 |       8194 |         http.client
import time:   1870549 |    1870549 |                   django.db.models.utils
import time:   2255042 |    4125591 |                 django.db.models.signals
import time:      2913 |       2913 |                       _uuid
import time:      2147 |       5060 |                     uuid
import time:   1018033 |    1018033 |                                         django.template.context
import time:   1936389 |    1936389 |                                         django.utils.deprecation
import time:   1263537 |    1263537 |                                             django.utils.dates
import time:      2095 |       2095 |                                                   sysconfig
import time:      2345 |       2345 |                                                   _sysconfigdata__darwin_darwin
import time:       689 |        689 |                                                   _osx_support
import time:      5589 |      10716 |                                                 zoneinfo._tzpath
import time:       702 |        702 |                                                 zoneinfo._common
import time:      3803 |       3803 |                                                 _zoneinfo
import time:      2732 |      17952 |                                               zoneinfo
import time:   1989221 |    2007172 |                                             django.utils.timezone
import time:   1557182 |    4827890 |                                           django.utils.dateformat
import time:    945875 |     945875 |                                           django.utils.numberformat
import time:   1395939 |    7169703 |                                         django.utils.formats
import time:      1224 |       1224 |                                             _markupbase
import time:      2753 |       3977 |                                           html.parser
import time:   1405737 |    1405737 |                                             django.utils.deconstruct
import time:   1591484 |    1591484 |                                             django.utils.ipv6
import time:   1459080 |    4456301 |                                           django.core.validators
import time:      1964 |       1964 |                                             gzip
import time:   1558860 |    1560824 |                                           django.utils.text
import time:   1905874 |    7926974 |                                         django.utils.html
import time:   2283186 |    2283186 |                                         django.template.exceptions
import time:   2239000 |   22573282 |                                       django.template.base
import time:   2521362 |    2521362 |                                       django.template.library
import time:   1928944 |   27023587 |                                     django.template.engine
import time:   1413274 |    1413274 |                                     django.template.utils
import time:   2312876 |    2312876 |                                         django.template.backends
import time:   1400125 |    1400125 |                                           django.utils._os
import time:   1501114 |    2901238 |                                         django.template.backends.base
import time:   1505319 |    6719432 |                                       django.template.backends.django
import time:   1905844 |    8625276 |                                     django.template.autoreload
import time:   1495614 |   38557749 |                                   django.template
import time:        55 |   38557803 |                                 django.template.backends
import time:       117 |   38557920 |                               django.template.backends.django
import time:   1027307 |    1027307 |                               django.template.loader
import time:   2521277 |   42106503 |                             django.forms.renderers
import time:   1481482 |   43587985 |                           django.forms.utils
import time:       989 |        989 |                             graphlib
import time:   1704648 |    1704648 |                               django.templatetags
import time:   1502186 |    3206834 |                             django.templatetags.static
import time:   1408001 |    1408001 |                             django.utils.choices
import time:   2353327 |    6969150 |                           django.forms.widgets
import time:    987511 |   51544644 |                         django.forms.boundfield
import time:   1692849 |    1692849 |                           django.utils.dateparse
import time:   1557359 |    1557359 |                           django.utils.duration
import time:   2117193 |    5367400 |                         django.forms.fields
import time:   1459818 |    1459818 |                         django.forms.forms
import time:   1629270 |    1629270 |                         django.forms.formsets
import time:   1799446 |    1799446 |                         django.forms.models
import time:   1883457 |   63684032 |                       django.forms
import time:   1839610 |    1839610 |                       django.db.models.constants
import time:   1870300 |    1870300 |                         django.db.transaction
import time:   1684019 |    1684019 |                         django.utils.tree
import time:   1517180 |    5071498 |                       django.db.models.query_utils
import time:   1181691 |   71776829 |                     django.db.models.fields
import time:   1998669 |    1998669 |                     django.db.models.enums
import time:   1701221 |   75481778 |                   django.db.models.expressions
import time:    979796 |     979796 |                     django.db.models.functions.comparison
import time:   2873144 |    2873144 |                       django.db.models.lookups
import time:   1989440 |    4862583 |                     django.db.models.functions.datetime
import time:   2182094 |    2182094 |                         django.db.models.fields.mixins
import time:   1568476 |    3750569 |                       django.db.models.fields.json
import time:    900052 |    4650620 |                     django.db.models.functions.json
import time:   2248454 |    2248454 |                       django.db.models.functions.mixins
import time:   1484457 |    3732910 |                     django.db.models.functions.math
import time:   1611215 |    1611215 |                     django.db.models.functions.text
import time:   1408580 |    1408580 |                     django.db.models.functions.window
import time:   1448826 |   18694527 |                   django.db.models.functions
import time:   1895010 |   96071315 |                 django.db.models.aggregates
import time:   1387551 |    1387551 |                       django.db.backends
import time:   1555704 |    2943254 |                     django.db.backends.utils
import time:   1307010 |    1307010 |                         django.db.models.sql.constants
import time:   1431442 |    1431442 |                         django.db.models.sql.datastructures
import time:   1591021 |    1591021 |                         django.db.models.sql.where
import time:   1528755 |    5858227 |                       django.db.models.sql.query
import time:   1265249 |    1265249 |                       django.db.models.sql.subqueries
import time:   1476911 |    8600386 |                     django.db.models.sql
import time:   1453934 |   12997573 |                   django.db.models.indexes
import time:   1589787 |   14587360 |                 django.db.models.constraints
import time:   1521955 |    1521955 |                 django.db.models.deletion
import time:   1699653 |    1699653 |                   django.db.models.fields.tuple_lookups
import time:   1689794 |    3389446 |                 django.db.models.fields.composite
import time:   1368698 |    1368698 |                   django.core.files.images
import time:   1303958 |    1303958 |                     django.core.files.storage.base
import time:   1732888 |    1732888 |                       django.core.files.storage.mixins
import time:   1284445 |    3017332 |                     django.core.files.storage.filesystem
import time:   1475468 |    1475468 |                     django.core.files.storage.handler
import time:   2407097 |    2407097 |                     django.core.files.storage.memory
import time:   1427427 |    9631280 |                   django.core.files.storage
import time:   1842730 |   12842707 |                 django.db.models.fields.files
import time:   1383745 |    1383745 |                 django.db.models.fields.generated
import time:   1420247 |    1420247 |                 django.db.models.fields.proxy
import time:   2291500 |    2291500 |                   django.db.models.query
import time:   1321347 |    3612846 |                 django.db.models.manager
import time:   1563346 |    1563346 |                     django.db.models.fields.related_descriptors
import time:   1426001 |    1426001 |                     django.db.models.fields.related_lookups
import time:   1355442 |    1355442 |                     django.db.models.fields.reverse_related
import time:   1466859 |    5811646 |                   django.db.models.fields.related
import time:   1625957 |    1625957 |                   django.db.models.options
import time:   1835934 |    9273536 |                 django.db.models.base
import time:   2223064 |  150451807 |               django.db.models
import time:   1854604 |  152306411 |             django.core.serializers.base
import time:   1385500 |  153691911 |           django.core.serializers
import time:   1413995 |    1413995 |           django.core.serializers.python
import time:   1582751 |  156688656 |         django.core.serializers.json
import time:   1940165 |  158639903 |       django.http.response
import time:   1948620 |  183253311 |     django.http
import time:   1427058 |    1427058 |     django.urls.exceptions
import time:   1439879 |    1439879 |       django.urls.converters
import time:   1271471 |    1271471 |       django.urls.utils
import time:   1553419 |    4264768 |     django.urls.resolvers
import time:   1326628 |  190271764 |   django.urls.base
import time:   1487701 |    1487701 |   django.urls.conf
import time:   2513475 |  194272939 | django.urls
import time:      1907 |       1907 |     logging.handlers
import time:      1620 |       1620 |     socketserver
import time:      2956 |       6482 |   logging.config
import time:      3603 |       3603 |           email._header_value_parser
import time:      1074 |       4676 |         email.headerregistry
import time:       847 |        847 |         email.contentmanager
import time:       671 |       6193 |       email.policy
import time:       870 |        870 |       email.generator
import time:       503 |        503 |         email.mime
import time:       539 |       1041 |       email.mime.base
import time:       200 |        200 |         email.mime.nonmultipart
import time:       233 |        432 |       email.mime.message
import time:       272 |        272 |       email.mime.multipart
import time:       246 |        246 |       email.mime.text
import time:   1367840 |    1367840 |       django.core.mail.utils
import time:   1435373 |    2812263 |     django.core.mail.message
import time:   1424355 |    4236618 |   django.core.mail
import time:   1375895 |    5618994 | django.utils.log
import time:   1456002 |    1456002 |       django.template.response
import time:   1408352 |    1408352 |       django.utils.decorators
import time:   1406855 |    4271208 |     django.views.generic.base
import time:   1341256 |    1341256 |       django.views.generic.detail
import time:   1441936 |    1441936 |         django.core.paginator
import time:   1556729 |    2998665 |       django.views.generic.list
import time:   1392962 |    5732882 |     django.views.generic.dates
import time:   1478646 |    1478646 |     django.views.generic.edit
import time:   1479391 |   12962125 |   django.views.generic
import time:        88 |   12962213 | django.views.generic.base
import time:      1722 |       1722 |     dataclasses
import time:      1502 |       3223 |   pprint
import time:   1447578 |    1447578 |   django.utils.timesince
import time:   1719392 |    3170192 | django.template.defaultfilters
import time:   1545572 |    1545572 |   django.views.decorators
import time:   1488052 |    3033624 | django.views.decorators.csp
import time:   1271765 |    1271765 | django.views.decorators.debug
import time:   1407507 |    1407507 |   django.utils.lorem_ipsum
import time:   1658057 |    1658057 |   django.template.smartif
import time:   2401245 |    5466808 | django.template.defaulttags
import time:   1380379 |    1380379 | django.contrib.admin.decorators
import time:   1314243 |    1314243 |   django.contrib.admin.exceptions
import time:   1398117 |    1398117 |         django.contrib.messages.constants
import time:   1359035 |    1359035 |         django.contrib.messages.storage
import time:   1358552 |    4115703 |       django.contrib.messages.api
import time:   1398923 |    1398923 |         django.contrib.messages.utils
import time:   1392382 |    2791304 |       django.contrib.messages.storage.base
import time:   1496293 |    8403300 |     django.contrib.messages
import time:   1467761 |    1467761 |             django.middleware
import time:   1356042 |    1356042 |             django.utils.cache
import time:   1422355 |    4246157 |           django.middleware.csrf
import time:   1468665 |    1468665 |           django.contrib.auth.signals
import time:   1397219 |    7112040 |         django.contrib.auth
import time:   1422587 |    1422587 |           django.contrib.auth.templatetags
import time:   1465779 |    1465779 |           django.contrib.auth.hashers
import time:   1381261 |    4269625 |         django.contrib.auth.templatetags.auth
import time:   1390541 |   12772206 |       django.contrib.admin.utils
import time:   1394965 |   14167170 |     django.contrib.admin.helpers
import time:   1624461 |    1624461 |     django.contrib.admin.widgets
import time:   2124013 |    2124013 |     django.contrib.admin.checks
import time:   1401647 |    1401647 |       django.contrib.admin.templatetags
import time:   1645668 |    3047315 |     django.contrib.admin.templatetags.admin_urls
import time:   1382878 |    1382878 |     django.views.decorators.csrf
import time:   1421791 |   32170924 |   django.contrib.admin.options
import time:   1804111 |   35289278 | django.contrib.admin.filters
import time:   1455287 |    1455287 |   django.contrib.admin.actions
import time:   1430943 |    1430943 |     django.contrib.admin.views
import time:   1493669 |    2924611 |   django.contrib.admin.views.autocomplete
import time:   1406598 |    1406598 |     django.shortcuts
import time:   1305141 |    2711739 |   django.contrib.auth.decorators
import time:   1458826 |    1458826 |     django.middleware.cache
import time:   1490089 |    2948915 |   django.views.decorators.cache
import time:   1395784 |    1395784 |   django.views.decorators.common
import time:   1472162 |    1472162 |   django.views.i18n
import time:   1386481 |   14294977 | django.contrib.admin.sites
import time:       735 |        735 |     getpass
import time:   1998506 |    1998506 |       django.contrib.contenttypes
import time:   2234073 |    2234073 |           django.db.migrations.utils
import time:   2101272 |    2101272 |           django.db.migrations.exceptions
import time:   2812230 |    7147575 |         django.db.migrations.migration
import time:   1894717 |    1894717 |             django.utils.copy
import time:   2040552 |    2040552 |             django.db.migrations.operations.base
import time:   1790582 |    5725850 |           django.db.migrations.operations.fields
import time:   1843793 |    1843793 |             django.db.migrations.state
import time:   1641745 |    3485538 |           django.db.migrations.operations.models
import time:   1576271 |    1576271 |           django.db.migrations.operations.special
import time:   2054980 |   12842638 |         django.db.migrations.operations
import time:   2979359 |   22969571 |       django.db.migrations
import time:   1872865 |   26840941 |     django.contrib.contenttypes.management
import time:   1657560 |   28499234 |   django.contrib.auth.management
import time:   1721199 |   30220433 | django.contrib.auth.checks
import time:   1501406 |    1501406 | django.contrib.contenttypes.checks
import time:   1577100 |    1577100 |     django.contrib.staticfiles.utils
import time:   1775758 |    3352858 |   django.contrib.staticfiles.finders
import time:   1362229 |    4715086 | django.contrib.staticfiles.checks
import time:      2356 |       2356 | __future__
import time:   1444448 |    1444448 |     corsheaders.defaults
import time:   1540300 |    2984748 |   corsheaders.conf
import time:   1540271 |    4525019 | corsheaders.checks
import time:   1429410 |    1429410 | django.contrib.contenttypes.models
import time:   2210246 |    2210246 |   django.contrib.auth.password_validation
import time:     13958 |      13958 |       _sqlite3
import time:      2090 |      16048 |     sqlite3.dbapi2
import time:      1559 |      17606 |   sqlite3
import time:   1379094 |    1379094 |     django.db.backends.base
import time:   1524713 |    1524713 |     django.db.backends.base.validation
import time:   1474520 |    1474520 |     django.db.backends.signals
import time:   1507644 |    1507644 |     django.utils.asyncio
import time:   1467370 |    7353339 |   django.db.backends.base.base
import time:      2143 |       2143 |       fractions
import time:      2363 |       2363 |       _statistics
import time:      7046 |      11550 |     statistics
import time:   1454022 |    1465571 |   django.db.backends.sqlite3._functions
import time:   1561568 |    1561568 |     django.db.backends.base.client
import time:   1423513 |    2985080 |   django.db.backends.sqlite3.client
import time:      2739 |       2739 |         multiprocessing.process
import time:      1314 |       1314 |         multiprocessing.reduction
import time:      2334 |       6386 |       multiprocessing.context
import time:      1556 |       7942 |     multiprocessing
import time:   1396769 |    1396769 |     django.db.backends.base.creation
import time:   1388502 |    2793212 |   django.db.backends.sqlite3.creation
import time:   1788474 |    1788474 |     django.db.backends.base.features
import time:   1413586 |    3202060 |   django.db.backends.sqlite3.features
import time:   1342829 |    1342829 |         sqlparse.tokens
import time:   1491576 |    1491576 |         sqlparse.utils
import time:   1904416 |    4738819 |       sqlparse.sql
import time:   1347283 |    1347283 |         sqlparse.exceptions
import time:   1507760 |    2855043 |       sqlparse.cli
import time:   1400794 |    1400794 |         sqlparse.engine.grouping
import time:   1542764 |    1542764 |             sqlparse.keywords
import time:   1359562 |    2902326 |           sqlparse.lexer
import time:   1460034 |    1460034 |           sqlparse.engine.statement_splitter
import time:   1397868 |    1397868 |             sqlparse.filters.others
import time:   1396991 |    1396991 |             sqlparse.filters.output
import time:   1384548 |    1384548 |             sqlparse.filters.tokens
import time:   1436247 |    1436247 |             sqlparse.filters.reindent
import time:   1378195 |    1378195 |             sqlparse.filters.right_margin
import time:   1481244 |    1481244 |             sqlparse.filters.aligned_indent
import time:   1411795 |    9886886 |           sqlparse.filters
import time:   1369771 |   15619015 |         sqlparse.engine.filter_stack
import time:   1380966 |   18400774 |       sqlparse.engine
import time:   1458931 |    1458931 |       sqlparse.formatter
import time:   2364074 |   29817638 |     sqlparse
import time:   1429397 |    1429397 |     django.db.backends.base.introspection
import time:   1573459 |   32820493 |   django.db.backends.sqlite3.introspection
import time:   1550468 |    1550468 |     django.db.backends.base.operations
import time:   1431605 |    2982072 |   django.db.backends.sqlite3.operations
import time:   1446433 |    1446433 |       django.db.backends.ddl_references
import time:   1554848 |    3001280 |     django.db.backends.base.schema
import time:   1581811 |    4583090 |   django.db.backends.sqlite3.schema
import time:   5527630 |   65940394 | django.contrib.auth.base_user
import time:   1479030 |    1479030 | django.contrib.auth.validators
import time:   1338598 |    1338598 | django.utils.translation.reloader
import time:   1494220 |    1494220 | django.contrib.sessions.base_session
import time:   1403991 |    1403991 |   django.contrib.auth.tokens
import time:   1385496 |    1385496 |     django.contrib.sites
import time:   1462400 |    1462400 |     django.contrib.sites.requests
import time:   1373472 |    4221368 |   django.contrib.sites.shortcuts
import time:   1529220 |    7154578 | django.contrib.auth.forms
import time:   1429406 |    1429406 | django.contrib.contenttypes.fields
import time:   1437635 |    1437635 | django.contrib.contenttypes.forms
import time:   1493180 |    1493180 | rest_framework.checks
import time:   1531406 |    1531406 | django.core.management.utils
import time:   1497759 |    1497759 |   django.db.migrations.optimizer
import time:   2519063 |    2519063 |       django.db.migrations.graph
import time:   1548193 |    1548193 |       django.db.migrations.recorder
import time:   1317055 |    5384310 |     django.db.migrations.loader
import time:   1431472 |    6815782 |   django.db.migrations.questioner
import time:   2223130 |   10536670 | django.db.migrations.autodetector
import time:   1397152 |    1397152 |   django.db.migrations.serializer
import time:   1397016 |    2794167 | django.db.migrations.writer
import time:   1517089 |    1517089 | django.core.management.sql
import time:   1778983 |    1778983 | django.db.migrations.executor
import time:   1553795 |    1553795 | django.contrib.contenttypes.views
import time:   1502350 |    1502350 |       rest_framework.status
import time:   1409302 |    1409302 |         rest_framework.utils
import time:   1331954 |    1331954 |         rest_framework.utils.json
import time:   1517193 |    4258448 |       rest_framework.utils.serializer_helpers
import time:   1426426 |    7187224 |     rest_framework.exceptions
import time:   1748293 |    1748293 |       rest_framework.settings
import time:   1507083 |    3255375 |     rest_framework.request
import time:   2442507 |    2442507 |           django.contrib.postgres
import time:   1462010 |    1462010 |                     django.db.backends.postgresql
import time:       355 |        355 |                     psycopg
import time:       104 |        104 |                     psycopg2
import time:   1794953 |    3257422 |                   django.db.backends.postgresql.psycopg_any
import time:   1432970 |    4690391 |                 django.contrib.postgres.search
import time:   1285813 |    5976204 |               django.contrib.postgres.lookups
import time:   1537454 |    7513657 |             django.contrib.postgres.fields.array
import time:   1417977 |    8931633 |           django.contrib.postgres.fields
import time:       129 |        129 |           coreapi
import time:       128 |        128 |           uritemplate
import time:        93 |         93 |           coreschema
import time:        91 |         91 |           yaml
import time:        91 |         91 |           inflection
import time:   1354126 |    1354126 |               urllib3.exceptions
import time:   2434837 |    2434837 |                       urllib3.util.timeout
import time:   1321145 |    3755982 |                     urllib3.util.connection
import time:   1340106 |    1340106 |                       urllib3.util.util
import time:       813 |        813 |                       brotlicffi
import time:       796 |        796 |                       brotli
import time:       321 |        321 |                       backports
import time:   1698359 |    3040395 |                     urllib3.util.request
import time:   1528388 |    1528388 |                     urllib3.util.response
import time:   1441065 |    1441065 |                     urllib3.util.retry
import time:   1400250 |    1400250 |                       urllib3.util.url
import time:   1338021 |    1338021 |                       urllib3.util.ssltransport
import time:   1471099 |    4209369 |                     urllib3.util.ssl_
import time:   1744077 |    1744077 |                     urllib3.util.wait
import time:   1550148 |   17269421 |                   urllib3.util
import time:       196 |   17269617 |                 urllib3.util.connection
import time:   2342959 |   19612575 |               urllib3._base_connection
import time:   1612547 |    1612547 |               urllib3._collections
import time:   1367748 |    1367748 |               urllib3._version
import time:   1751204 |    1751204 |                     urllib3.fields
import time:   1899404 |    3650607 |                   urllib3.filepost
import time:       202 |        202 |                     brotlicffi
import time:        94 |         94 |                     brotli
import time:      4640 |       4640 |                             _csv
import time:      2509 |       7148 |                           csv
import time:       583 |        583 |                               zipfile._path.glob
import time:      1947 |       2530 |                             zipfile._path
import time:      2774 |       5303 |                           zipfile
import time:       350 |        350 |                               importlib.metadata._functools
import time:       582 |        931 |                             importlib.metadata._text
import time:      1257 |       2188 |                           importlib.metadata._adapters
import time:      1062 |       1062 |                           importlib.metadata._meta
import time:       571 |        571 |                           importlib.metadata._collections
import time:       283 |        283 |                           importlib.metadata._itertools
import time:       962 |        962 |                                 importlib.resources.abc
import time:       954 |        954 |                                 importlib.resources._adapters
import time:      1328 |       3243 |                               importlib.resources._common
import time:       435 |        435 |                               importlib.resources._legacy
import time:       349 |       4025 |                             importlib.resources
import time:      2156 |       6181 |                           importlib.abc
import time:      4192 |      26924 |                         importlib.metadata
import time:   1707683 |    1734607 |                       urllib3.http2
import time:   1662356 |    1662356 |                       urllib3.http2.probe
import time:   3640182 |    3640182 |                       urllib3.util.ssl_match_hostname
import time:   1505071 |    8542215 |                     urllib3.connection
import time:       201 |        201 |                     backports
import time:   2036781 |   10579492 |                   urllib3.response
import time:   1674201 |   15904299 |                 urllib3._request_methods
import time:   1689227 |    1689227 |                 urllib3.util.proxy
import time:   1631595 |   19225121 |               urllib3.connectionpool
import time:   1747662 |    1747662 |               urllib3.poolmanager
import time:   2403687 |   47323463 |             urllib3
import time:   1481738 |    1481738 |                     charset_normalizer.constant
import time:   2903890 |    2903890 |                       charset_normalizer.md__mypyc
import time:      2470 |       2470 |                         _multibytecodec
import time:   2117035 |    2119505 |                       charset_normalizer.utils
import time:   1953153 |    6976547 |                     charset_normalizer.md
import time:   1459488 |    1459488 |                     charset_normalizer.models
import time:   1943958 |   11861730 |                   charset_normalizer.cd
import time:   1514301 |   13376031 |                 charset_normalizer.api
import time:   2294167 |    2294167 |                 charset_normalizer.legacy
