import time: self [us] | cumulative | imported package
import time:       195 |        195 |   _io
import time:        25 |         25 |   marshal
import time:       211 |        211 |   posix
import time:       211 |        640 | _frozen_importlib_external
import time:       890 |        890 |   time
import time:        70 |        960 | zipimport
import time:        63 |         63 |     _codecs
import time:       112 |        175 |   codecs
import time:       461 |        461 |   encodings.aliases
import time:       556 |       1191 | encodings
import time:       235 |        235 | encodings.utf_8
import time:        52 |         52 | _signal
import time:        15 |         15 |     _abc
import time:        71 |         86 |   abc
import time:        82 |        168 | io
import time:        25 |         25 |       _stat
import time:        27 |         52 |     stat
import time:       412 |        412 |     _collections_abc
import time:        15 |         15 |       genericpath
import time:        29 |         43 |     posixpath
import time:       152 |        658 |   os
import time:        33 |         33 |   _sitebuiltins
import time:       180 |        180 |   sitecustomize
import time:       241 |       1110 | site
import time:       222 |        222 |         django.utils
import time:       588 |        588 |           _datetime
import time:       276 |        863 |         datetime
import time:        60 |         60 |             itertools
import time:       366 |        366 |             keyword
import time:        34 |         34 |               _operator
import time:       378 |        411 |             operator
import time:       313 |        313 |             reprlib
import time:        33 |         33 |             _collections
import time:       751 |       1931 |           collections
import time:       475 |        475 |           types
import time:        25 |         25 |           _functools
import time:       613 |       3043 |         functools
import time:        28 |         28 |           errno
import time:      1044 |       1044 |               enum
import time:       113 |        113 |                 _sre
import time:       314 |        314 |                   re._constants
import time:       475 |        789 |                 re._parser
import time:       279 |        279 |                 re._casefix
import time:      1310 |       2490 |               re._compiler
import time:       304 |        304 |               copyreg
import time:       675 |       4512 |             re
import time:        52 |         52 |             _locale
import time:      1208 |       5771 |           locale
import time:       524 |        524 |           signal
import time:       812 |        812 |             _weakrefset
import time:      1211 |       2022 |           threading
import time:       510 |        510 |           warnings
import time:       677 |        677 |           contextlib
import time:       929 |        929 |           fcntl
import time:        45 |         45 |           msvcrt
import time:       650 |        650 |           _posixsubprocess
import time:       536 |        536 |           select
import time:      1059 |       1059 |             collections.abc
import time:       443 |        443 |             math
import time:       503 |       2004 |           selectors
import time:       660 |      14351 |         subprocess
import time:       493 |        493 |               weakref
import time:       229 |        721 |             copy
import time:       309 |       1030 |           django.utils.functional
import time:       293 |       1323 |         django.utils.regex_helper
import time:       320 |      20118 |       django.utils.version
import time:       335 |      20453 |     django
import time:       211 |      20663 |   django.core
import time:       292 |        292 |     importlib
import time:       438 |        438 |       importlib._abc
import time:        65 |        502 |     importlib.util
import time:        22 |         22 |     importlib.machinery
import time:        17 |         17 |       _typing
import time:      1525 |       1541 |     typing
import time:       437 |       2792 |   pkgutil
import time:       695 |        695 |     gettext
import time:       861 |       1556 |   argparse
import time:       553 |        553 |       _heapq
import time:       241 |        794 |     heapq
import time:       646 |       1440 |   difflib
import time:       686 |        686 |           _ast
import time:       896 |       1581 |         ast
import time:       312 |        312 |             _opcode
import time:       355 |        667 |           opcode
import time:       642 |       1308 |         dis
import time:       206 |        206 |             token
import time:        18 |         18 |             _tokenize
import time:       689 |        912 |           tokenize
import time:       227 |       1139 |         linecache
import time:      1252 |       5280 |       inspect
import time:       383 |        383 |         django.utils.hashable
import time:       550 |        932 |       django.core.exceptions
import time:       251 |        251 |       django.utils.module_loading
import time:       289 |       6750 |     django.apps.config
import time:       401 |        401 |     django.apps.registry
import time:       264 |       7415 |   django.apps
import time:       893 |        893 |       textwrap
import time:      1084 |       1976 |     traceback
import time:       542 |        542 |       fnmatch
import time:        35 |         35 |         _winapi
import time:        28 |         28 |         nt
import time:        26 |         26 |         nt
import time:        25 |         25 |         nt
import time:        24 |         24 |         nt
import time:        24 |         24 |         nt
import time:        24 |         24 |         nt
import time:        57 |        239 |       ntpath
import time:       238 |        238 |         urllib
import time:      1429 |       1429 |         ipaddress
import time:       943 |       2609 |       urllib.parse
import time:       648 |       4037 |     pathlib
import time:       368 |        368 |     django.conf.global_settings
import time:       316 |       6697 |   django.conf
import time:       274 |        274 |       django.core.checks.messages
import time:       307 |        307 |         django.utils.inspect
import time:       306 |        613 |       django.core.checks.registry
import time:       214 |        214 |       django.core.checks.async_checks
import time:       996 |        996 |                       concurrent
import time:        23 |         23 |                             _string
import time:       887 |        909 |                           string
import time:        23 |         23 |                           atexit
import time:      1355 |       2286 |                         logging
import time:       756 |       3042 |                       concurrent.futures._base
import time:      1043 |       5080 |                     concurrent.futures
import time:       971 |        971 |                       _socket
import time:       691 |        691 |                       array
import time:       958 |       2619 |                     socket
import time:      7443 |       7443 |                       _ssl
import time:      1060 |       1060 |                           _struct
import time:       323 |       1383 |                         struct
import time:      1742 |       1742 |                         binascii
import time:       849 |       3973 |                       base64
import time:      7472 |      18886 |                     ssl
import time:       368 |        368 |                     asyncio.constants
import time:       254 |        254 |                     asyncio.coroutines
import time:      1665 |       1665 |                         _contextvars
import time:       228 |       1892 |                       contextvars
import time:       151 |        151 |                       asyncio.format_helpers
import time:       133 |        133 |                         asyncio.base_futures
import time:       188 |        188 |                         asyncio.exceptions
import time:       229 |        229 |                         asyncio.base_tasks
import time:      1244 |       1791 |                       _asyncio
import time:       708 |       4541 |                     asyncio.events
import time:       309 |        309 |                     asyncio.futures
import time:       267 |        267 |                     asyncio.protocols
import time:       441 |        441 |                       asyncio.transports
import time:       114 |        114 |                       asyncio.log
import time:       581 |       1135 |                     asyncio.sslproto
import time:       109 |        109 |                         asyncio.mixins
import time:       446 |        555 |                       asyncio.locks
import time:       596 |        596 |                         asyncio.timeouts
import time:       427 |       1022 |                       asyncio.tasks
import time:       270 |       1847 |                     asyncio.staggered
import time:       370 |        370 |                     asyncio.trsock
import time:      2431 |      38100 |                   asyncio.base_events
import time:       467 |        467 |                   asyncio.runners
import time:       505 |        505 |                   asyncio.queues
import time:       545 |        545 |                   asyncio.streams
import time:       288 |        288 |                   asyncio.subprocess
import time:       345 |        345 |                   asyncio.taskgroups
import time:       261 |        261 |                   asyncio.threads
import time:       431 |        431 |                     asyncio.base_subprocess
import time:      1202 |       1202 |                     asyncio.selector_events
import time:       820 |       2452 |                   asyncio.unix_events
import time:      1384 |      44342 |                 asyncio
import time:   1816956 |    1816956 |                   asgiref
import time:      1782 |       1782 |                       _queue
import time:      1182 |       2963 |                     queue
import time:      2148 |       5110 |                   concurrent.futures.thread
import time:   1398003 |    1398003 |                   asgiref.current_thread_executor
import time:   1374210 |    1374210 |                   asgiref.local
import time:   1370450 |    5964728 |                 asgiref.sync
import time:   2294678 |    8303746 |               django.dispatch.dispatcher
import time:   1750187 |   10053932 |             django.dispatch
import time:   2475669 |   12529601 |           django.core.signals
import time:   1287180 |    1287180 |             django.core.cache.backends
import time:   1484313 |    2771493 |           django.core.cache.backends.base
import time:   1511089 |    1511089 |           django.utils.connection
import time:   1411594 |   18223775 |         django.core.cache
import time:      1278 |       1278 |           glob
import time:       835 |        835 |             _compat_pickle
import time:      1636 |       1636 |             _pickle
import time:      3284 |       5755 |           pickle
import time:       970 |        970 |               _bisect
import time:       336 |       1305 |             bisect
import time:      1105 |       1105 |             _random
import time:      1020 |       1020 |             _sha2
import time:      1161 |       4590 |           random
import time:      1301 |       1301 |               zlib
import time:       478 |        478 |                 _compression
import time:      1226 |       1226 |                 _bz2
import time:       653 |       2356 |               bz2
import time:      1542 |       1542 |                 _lzma
import time:       547 |       2089 |               lzma
import time:      1251 |       6995 |             shutil
import time:       798 |       7793 |           tempfile
import time:      5702 |       5702 |             _hashlib
import time:     22956 |      22956 |             _blake2
import time:      1687 |      30344 |           hashlib
import time:   1328106 |    1328106 |               django.core.files.utils
import time:   1456461 |    2784567 |             django.core.files.base
import time:   1455260 |    4239826 |           django.core.files
import time:   1398885 |    1398885 |           django.core.files.locks
import time:   1427131 |    1427131 |           django.core.files.move
import time:   1644124 |    8759721 |         django.core.cache.backends.filebased
import time:       881 |   26984377 |       django.core.checks.caches
import time:   1544879 |    1544879 |       django.core.checks.commands
import time:   2297076 |    2297076 |         django.core.checks.compatibility
import time:   1797145 |    4094220 |       django.core.checks.compatibility.django_4_0
import time:   1836366 |    1836366 |           django.db.utils
import time:   2129132 |    3965498 |         django.db
import time:   1766273 |    5731771 |       django.core.checks.database
import time:   1796113 |    1796113 |       django.core.checks.files
import time:   1754240 |    1754240 |       django.core.checks.model_checks
import time:   1820545 |    1820545 |         django.core.checks.security
import time:   1123194 |    2943738 |       django.core.checks.security.base
import time:   2646073 |    2646073 |       django.core.checks.security.csrf
import time:   1663377 |    1663377 |       django.core.checks.security.sessions
import time:   1676460 |    1676460 |       django.core.checks.templates
import time:      1163 |       1163 |               numbers
import time:      3705 |       4867 |             _decimal
import time:      1097 |       5964 |           decimal
import time:      1273 |       1273 |             termios
import time:        80 |         80 |             pywatchman
import time:   1754036 |    1755388 |           django.utils.autoreload
import time:   2124222 |    3885573 |         django.utils.translation
import time:   1801817 |    1801817 |           django.conf.locale
import time:   2112565 |    2112565 |           django.utils.safestring
import time:   2766008 |    6680389 |         django.utils.translation.trans_real
import time:   1532162 |   12098123 |       django.core.checks.translation
import time:   1769420 |    1769420 |       django.core.checks.urls
import time:       850 |   64704735 |     django.core.checks
import time:   2037088 |    2037088 |       django.utils.termcolors
import time:       647 |        647 |       colorama
import time:   1775551 |    3813286 |     django.core.management.color
import time:      1818 |   68519839 |   django.core.management.base
import time:       859 |   68561257 | django.core.management
import time:      7981 |       7981 |         http
import time:      4112 |       4112 |         http.cookies
import time:   2608818 |    2620910 |       django.http.cookie
import time:      1221 |       1221 |                 _json
import time:       427 |       1647 |               json.scanner
import time:       745 |       2391 |             json.decoder
import time:       384 |        384 |             json.encoder
import time:       502 |       3276 |           json
import time:       464 |        464 |             hmac
import time:       277 |        277 |             secrets
import time:   1426815 |    1426815 |             django.utils.encoding
import time:   2008401 |    3435956 |           django.utils.crypto
import time:   2205346 |    5644577 |         django.core.signing
import time:   2098331 |    2098331 |             django.core.files.temp
import time:   1918356 |    4016686 |           django.core.files.uploadedfile
import time:   1538487 |    5555173 |         django.core.files.uploadhandler
import time:      2912 |       2912 |             html.entities
import time:      1409 |       4321 |           html
import time:   1368691 |    1368691 |           django.utils.datastructures
import time:      4137 |       4137 |             unicodedata
import time:       511 |        511 |               email
import time:      1419 |       1419 |                 calendar
import time:       489 |       1908 |               email._parseaddr
import time:       377 |        377 |                 email.base64mime
import time:       708 |        708 |                 email.quoprimime
import time:      1081 |       1081 |                 email.errors
import time:       418 |        418 |                   quopri
import time:       367 |        784 |                 email.encoders
import time:       527 |       3476 |               email.charset
import time:      1815 |       7708 |             email.utils
import time:   2796708 |    2808553 |           django.utils.http
import time:   2704884 |    6886447 |         django.http.multipartparser
import time:   1960480 |   20046675 |       django.http.request
import time:       190 |        190 |           _winapi
import time:       127 |        127 |           winreg
import time:      1366 |       1681 |         mimetypes
import time:      1847 |       1847 |         email.header
import time:      1470 |       1470 |               email._policybase
import time:      1232 |       2701 |             email.feedparser
import time:       749 |       3450 |           email.parser
import time:       779 |        779 |             email._encoded_words
import time:       633 |        633 |             email.iterators
import time:      1554 |       2964 |           email.message
import time:      2389 |       8802 |         http.client
import time:   1871136 |    1871136 |                   django.db.models.utils
import time:   2255702 |    4126838 |                 django.db.models.signals
import time:      2000 |       2000 |                       _uuid
import time:      1260 |       3260 |                     uuid
import time:   1023026 |    1023026 |                                         django.template.context
import time:   1933486 |    1933486 |                                         django.utils.deprecation
import time:   1253931 |    1253931 |                                             django.utils.dates
import time:      2186 |       2186 |                                                   sysconfig
import time:      2243 |       2243 |                                                   _sysconfigdata__darwin_darwin
import time:       805 |        805 |                                                   _osx_support
import time:      6663 |      11896 |                                                 zoneinfo._tzpath
import time:       692 |        692 |                                                 zoneinfo._common
import time:      3801 |       3801 |                                                 _zoneinfo
import time:      3463 |      19850 |                                               zoneinfo
import time:   1996574 |    2016423 |                                             django.utils.timezone
import time:   1556031 |    4826384 |                                           django.utils.dateformat
import time:    947136 |     947136 |                                           django.utils.numberformat
import time:   1398339 |    7171858 |                                         django.utils.formats
import time:      1975 |       1975 |                                             _markupbase
import time:      3837 |       5811 |                                           html.parser
import time:   1408233 |    1408233 |                                             django.utils.deconstruct
import time:   1589680 |    1589680 |                                             django.utils.ipv6
import time:   1460065 |    4457977 |                                           django.core.validators
import time:      2676 |       2676 |                                             gzip
import time:   1555898 |    1558574 |                                           django.utils.text
import time:   1902916 |    7925277 |                                         django.utils.html
import time:   2281766 |    2281766 |                                         django.template.exceptions
import time:   2230992 |   22566403 |                                       django.template.base
import time:   2519024 |    2519024 |                                       django.template.library
import time:   1933249 |   27018675 |                                     django.template.engine
import time:   1415793 |    1415793 |                                     django.template.utils
import time:   2327269 |    2327269 |                                         django.template.backends
import time:   1401242 |    1401242 |                                           django.utils._os
import time:   1498523 |    2899765 |                                         django.template.backends.base
import time:   1506175 |    6733208 |                                       django.template.backends.django
import time:   1891553 |    8624760 |                                     django.template.autoreload
import time:   1494704 |   38553930 |                                   django.template
import time:        68 |   38553997 |                                 django.template.backends
import time:        85 |   38554081 |                               django.template.backends.django
import time:   1027922 |    1027922 |                               django.template.loader
import time:   2524608 |   42106611 |                             django.forms.renderers
import time:   1484858 |   43591469 |                           django.forms.utils
import time:       711 |        711 |                             graphlib
import time:   1709229 |    1709229 |                               django.templatetags
import time:   1498276 |    3207505 |                             django.templatetags.static
import time:   1409265 |    1409265 |                             django.utils.choices
import time:   2355216 |    6972695 |                           django.forms.widgets
import time:    985135 |   51549298 |                         django.forms.boundfield
import time:   1692825 |    1692825 |                           django.utils.dateparse
import time:   1558693 |    1558693 |                           django.utils.duration
import time:   2116180 |    5367697 |                         django.forms.fields
import time:   1460819 |    1460819 |                         django.forms.forms
import time:   1626524 |    1626524 |                         django.forms.formsets
import time:   1799738 |    1799738 |                         django.forms.models
import time:   1882653 |   63686726 |                       django.forms
import time:   1836881 |    1836881 |                       django.db.models.constants
import time:   1868544 |    1868544 |                         django.db.transaction
import time:   1684544 |    1684544 |                         django.utils.tree
import time:   1519151 |    5072238 |                       django.db.models.query_utils
import time:   1180300 |   71776143 |                     django.db.models.fields
import time:   1997656 |    1997656 |                     django.db.models.enums
import time:   1704553 |   75481610 |                   django.db.models.expressions
import time:    979402 |     979402 |                     django.db.models.functions.comparison
import time:   2871636 |    2871636 |                       django.db.models.lookups
import time:   1990993 |    4862629 |                     django.db.models.functions.datetime
import time:   2182818 |    2182818 |                         django.db.models.fields.mixins
import time:   1568421 |    3751238 |                       django.db.models.fields.json
import time:    900733 |    4651971 |                     django.db.models.functions.json
import time:   2249177 |    2249177 |                       django.db.models.functions.mixins
import time:   1482481 |    3731657 |                     django.db.models.functions.math
import time:   1614310 |    1614310 |                     django.db.models.functions.text
import time:   1408214 |    1408214 |                     django.db.models.functions.window
import time:   1448485 |   18696666 |                   django.db.models.functions
import time:   1891984 |   96070260 |                 django.db.models.aggregates
import time:   1387080 |    1387080 |                       django.db.backends
import time:   1556065 |    2943144 |                     django.db.backends.utils
import time:   1307727 |    1307727 |                         django.db.models.sql.constants
import time:   1431103 |    1431103 |                         django.db.models.sql.datastructures
import time:   1591859 |    1591859 |                         django.db.models.sql.where
import time:   1527980 |    5858668 |                       django.db.models.sql.query
import time:   1263095 |    1263095 |                       django.db.models.sql.subqueries
import time:   1477377 |    8599139 |                     django.db.models.sql
import time:   1455352 |   12997634 |                   django.db.models.indexes
import time:   1586905 |   14584538 |                 django.db.models.constraints
import time:   1525077 |    1525077 |                 django.db.models.deletion
import time:   1699148 |    1699148 |                   django.db.models.fields.tuple_lookups
import time:   1687350 |    3386498 |                 django.db.models.fields.composite
import time:   1369515 |    1369515 |                   django.core.files.images
import time:   1302758 |    1302758 |                     django.core.files.storage.base
import time:   1731362 |    1731362 |                       django.core.files.storage.mixins
import time:   1283562 |    3014923 |                     django.core.files.storage.filesystem
import time:   1476348 |    1476348 |                     django.core.files.storage.handler
import time:   2407572 |    2407572 |                     django.core.files.storage.memory
import time:   1432443 |    9634042 |                   django.core.files.storage
import time:   1843238 |   12846794 |                 django.db.models.fields.files
import time:   1377820 |    1377820 |                 django.db.models.fields.generated
import time:   1425681 |    1425681 |                 django.db.models.fields.proxy
import time:   2293022 |    2293022 |                   django.db.models.query
import time:   1317194 |    3610216 |                 django.db.models.manager
import time:   1562495 |    1562495 |                     django.db.models.fields.related_descriptors
import time:   1428469 |    1428469 |                     django.db.models.fields.related_lookups
import time:   1354598 |    1354598 |                     django.db.models.fields.reverse_related
import time:   1463737 |    5809298 |                   django.db.models.fields.related
import time:   1627836 |    1627836 |                   django.db.models.options
import time:   1835637 |    9272770 |                 django.db.models.base
import time:   2224639 |  150451127 |               django.db.models
import time:   1857812 |  152308938 |             django.core.serializers.base
import time:   1381808 |  153690745 |           django.core.serializers
import time:   1415189 |    1415189 |           django.core.serializers.python
import time:   1582697 |  156688629 |         django.core.serializers.json
import time:   1938875 |  158639833 |       django.http.response
import time:   1947768 |  183255183 |     django.http
import time:   1428854 |    1428854 |     django.urls.exceptions
import time:   1439526 |    1439526 |       django.urls.converters
import time:   1272102 |    1272102 |       django.urls.utils
import time:   1552871 |    4264498 |     django.urls.resolvers
import time:   1325823 |  190274357 |   django.urls.base
import time:   1487714 |    1487714 |   django.urls.conf
import time:   2512930 |  194275001 | django.urls
import time:      2178 |       2178 |     logging.handlers
import time:      1656 |       1656 |     socketserver
import time:      4174 |       8006 |   logging.config
import time:      4275 |       4275 |           email._header_value_parser
import time:      1219 |       5493 |         email.headerregistry
import time:       874 |        874 |         email.contentmanager
import time:      1028 |       7393 |       email.policy
import time:       857 |        857 |       email.generator
import time:       499 |        499 |         email.mime
import time:       550 |       1048 |       email.mime.base
import time:       193 |        193 |         email.mime.nonmultipart
import time:       229 |        421 |       email.mime.message
import time:       198 |        198 |       email.mime.multipart
import time:       256 |        256 |       email.mime.text
import time:   1366515 |    1366515 |       django.core.mail.utils
import time:   1432332 |    2809018 |     django.core.mail.message
import time:   1426396 |    4235413 |   django.core.mail
import time:   1372378 |    5615797 | django.utils.log
import time:   1455221 |    1455221 |       django.template.response
import time:   1409981 |    1409981 |       django.utils.decorators
import time:   1408630 |    4273832 |     django.views.generic.base
import time:   1340083 |    1340083 |       django.views.generic.detail
import time:   1445739 |    1445739 |         django.core.paginator
import time:   1557439 |    3003178 |       django.views.generic.list
import time:   1390752 |    5734012 |     django.views.generic.dates
import time:   1473585 |    1473585 |     django.views.generic.edit
import time:   1478066 |   12959493 |   django.views.generic
import time:       122 |   12959615 | django.views.generic.base
import time:      1950 |       1950 |     dataclasses
import time:      2541 |       4490 |   pprint
import time:   1446366 |    1446366 |   django.utils.timesince
import time:   1720246 |    3171101 | django.template.defaultfilters
import time:   1544508 |    1544508 |   django.views.decorators
import time:   1487609 |    3032117 | django.views.decorators.csp
import time:   1272051 |    1272051 | django.views.decorators.debug
import time:   1405417 |    1405417 |   django.utils.lorem_ipsum
import time:   1659275 |    1659275 |   django.template.smartif
import time:   2404779 |    5469470 | django.template.defaulttags
import time:   1384954 |    1384954 | django.contrib.admin.decorators
import time:   1314811 |    1314811 |   django.contrib.admin.exceptions
import time:   1397652 |    1397652 |         django.contrib.messages.constants
import time:   1354647 |    1354647 |         django.contrib.messages.storage
import time:   1358584 |    4110881 |       django.contrib.messages.api
import time:   1399041 |    1399041 |         django.contrib.messages.utils
import time:   1393306 |    2792346 |       django.contrib.messages.storage.base
import time:   1497972 |    8401198 |     django.contrib.messages
import time:   1471047 |    1471047 |             django.middleware
import time:   1356877 |    1356877 |             django.utils.cache
import time:   1421827 |    4249751 |           django.middleware.csrf
import time:   1467257 |    1467257 |           django.contrib.auth.signals
import time:   1393703 |    7110710 |         django.contrib.auth
import time:   1423682 |    1423682 |           django.contrib.auth.templatetags
import time:   1466542 |    1466542 |           django.contrib.auth.hashers
import time:   1382356 |    4272580 |         django.contrib.auth.templatetags.auth
import time:   1390019 |   12773308 |       django.contrib.admin.utils
import time:   1398303 |   14171610 |     django.contrib.admin.helpers
import time:   1614878 |    1614878 |     django.contrib.admin.widgets
import time:   2129971 |    2129971 |     django.contrib.admin.checks
import time:   1402709 |    1402709 |       django.contrib.admin.templatetags
import time:   1649851 |    3052559 |     django.contrib.admin.templatetags.admin_urls
import time:   1376435 |    1376435 |     django.views.decorators.csrf
import time:   1420788 |   32167436 |   django.contrib.admin.options
import time:   1803058 |   35285305 | django.contrib.admin.filters
import time:   1438085 |    1438085 |   django.contrib.admin.actions
import time:   1448112 |    1448112 |     django.contrib.admin.views
import time:   1492664 |    2940775 |   django.contrib.admin.views.autocomplete
import time:   1404060 |    1404060 |     django.shortcuts
import time:   1310381 |    2714440 |   django.contrib.auth.decorators
import time:   1459546 |    1459546 |     django.middleware.cache
import time:   1487902 |    2947448 |   django.views.decorators.cache
import time:   1395040 |    1395040 |   django.views.decorators.common
import time:   1472023 |    1472023 |   django.views.i18n
import time:   1386859 |   14294667 | django.contrib.admin.sites
import time:      1544 |       1544 |     getpass
import time:   1979107 |    1979107 |       django.contrib.contenttypes
import time:   2235743 |    2235743 |           django.db.migrations.utils
import time:   2099085 |    2099085 |           django.db.migrations.exceptions
import time:   2854444 |    7189270 |         django.db.migrations.migration
import time:   1897394 |    1897394 |             django.utils.copy
import time:   2040012 |    2040012 |             django.db.migrations.operations.base
import time:   1786478 |    5723883 |           django.db.migrations.operations.fields
import time:   1845714 |    1845714 |             django.db.migrations.state
import time:   1634744 |    3480458 |           django.db.migrations.operations.models
import time:   1578083 |    1578083 |           django.db.migrations.operations.special
import time:   2065149 |   12847571 |         django.db.migrations.operations
import time:   2942675 |   22979515 |       django.db.migrations
import time:   1886188 |   26844809 |     django.contrib.contenttypes.management
import time:   1657209 |   28503561 |   django.contrib.auth.management
import time:   1714852 |   30218412 | django.contrib.auth.checks
import time:   1502612 |    1502612 | django.contrib.contenttypes.checks
import time:   1581185 |    1581185 |     django.contrib.staticfiles.utils
import time:   1776230 |    3357414 |   django.contrib.staticfiles.finders
import time:   1363844 |    4721258 | django.contrib.staticfiles.checks
import time:      1277 |       1277 | __future__
import time:   1443381 |    1443381 |     corsheaders.defaults
import time:   1535260 |    2978641 |   corsheaders.conf
import time:   1542409 |    4521049 | corsheaders.checks
import time:   1426670 |    1426670 | django.contrib.contenttypes.models
import time:   2210271 |    2210271 |   django.contrib.auth.password_validation
import time:     13910 |      13910 |       _sqlite3
import time:      2137 |      16047 |     sqlite3.dbapi2
import time:      5842 |      21889 |   sqlite3
import time:   1376983 |    1376983 |     django.db.backends.base
import time:   1524024 |    1524024 |     django.db.backends.base.validation
import time:   1474225 |    1474225 |     django.db.backends.signals
import time:   1506938 |    1506938 |     django.utils.asyncio
import time:   1468264 |    7350431 |   django.db.backends.base.base
import time:      2881 |       2881 |       fractions
import time:      2321 |       2321 |       _statistics
import time:      8731 |      13932 |     statistics
import time:   1454234 |    1468165 |   django.db.backends.sqlite3._functions
import time:   1561608 |    1561608 |     django.db.backends.base.client
import time:   1424920 |    2986528 |   django.db.backends.sqlite3.client
import time:      2673 |       2673 |         multiprocessing.process
import time:      1356 |       1356 |         multiprocessing.reduction
import time:      2363 |       6391 |       multiprocessing.context
import time:       620 |       7011 |     multiprocessing
import time:   1395178 |    1395178 |     django.db.backends.base.creation
import time:   1388020 |    2790208 |   django.db.backends.sqlite3.creation
import time:   1783548 |    1783548 |     django.db.backends.base.features
import time:   1413871 |    3197419 |   django.db.backends.sqlite3.features
import time:   1342153 |    1342153 |         sqlparse.tokens
import time:   1491924 |    1491924 |         sqlparse.utils
import time:   1907570 |    4741646 |       sqlparse.sql
import time:   1346302 |    1346302 |         sqlparse.exceptions
import time:   1510560 |    2856861 |       sqlparse.cli
import time:   1403819 |    1403819 |         sqlparse.engine.grouping
import time:   1541462 |    1541462 |             sqlparse.keywords
import time:   1360536 |    2901998 |           sqlparse.lexer
import time:   1456294 |    1456294 |           sqlparse.engine.statement_splitter
import time:   1394320 |    1394320 |             sqlparse.filters.others
import time:   1396839 |    1396839 |             sqlparse.filters.output
import time:   1386916 |    1386916 |             sqlparse.filters.tokens
import time:   1432980 |    1432980 |             sqlparse.filters.reindent
import time:   1379627 |    1379627 |             sqlparse.filters.right_margin
import time:   1482019 |    1482019 |             sqlparse.filters.aligned_indent
import time:   1417146 |    9889844 |           sqlparse.filters
import time:   1372083 |   15620216 |         sqlparse.engine.filter_stack
import time:   1374477 |   18398511 |       sqlparse.engine
import time:   1459512 |    1459512 |       sqlparse.formatter
import time:   2363907 |   29820436 |     sqlparse
import time:   1427276 |    1427276 |     django.db.backends.base.introspection
import time:   1578099 |   32825810 |   django.db.backends.sqlite3.introspection
import time:   1550575 |    1550575 |     django.db.backends.base.operations
import time:   1434026 |    2984600 |   django.db.backends.sqlite3.operations
import time:   1446158 |    1446158 |       django.db.backends.ddl_references
import time:   1554866 |    3001024 |     django.db.backends.base.schema
import time:   1581790 |    4582813 |   django.db.backends.sqlite3.schema
import time:   5521668 |   65939798 | django.contrib.auth.base_user
import time:   1476504 |    1476504 | django.contrib.auth.validators
import time:   1337613 |    1337613 | django.utils.translation.reloader
import time:   1491709 |    1491709 | django.contrib.sessions.base_session
import time:   1403721 |    1403721 |   django.contrib.auth.tokens
import time:   1400618 |    1400618 |     django.contrib.sites
import time:   1459832 |    1459832 |     django.contrib.sites.requests
import time:   1364347 |    4224796 |   django.contrib.sites.shortcuts
import time:   1527447 |    7155964 | django.contrib.auth.forms
import time:   1428782 |    1428782 | django.contrib.contenttypes.fields
import time:   1437815 |    1437815 | django.contrib.contenttypes.forms
import time:   1495350 |    1495350 | rest_framework.checks
import time:   1531588 |    1531588 | django.core.management.utils
import time:   1497372 |    1497372 |   django.db.migrations.optimizer
import time:   2520008 |    2520008 |       django.db.migrations.graph
import time:   1550407 |    1550407 |       django.db.migrations.recorder
import time:   1317907 |    5388321 |     django.db.migrations.loader
import time:   1431476 |    6819797 |   django.db.migrations.questioner
import time:   2222493 |   10539660 | django.db.migrations.autodetector
import time:   1398128 |    1398128 |   django.db.migrations.serializer
import time:   1394026 |    2792154 | django.db.migrations.writer
import time:   1515555 |    1515555 | django.core.management.sql
import time:   1778875 |    1778875 | django.db.migrations.executor
import time:   1557617 |    1557617 | django.contrib.contenttypes.views
import time:   1502910 |    1502910 |       rest_framework.status
import time:   1418532 |    1418532 |         rest_framework.utils
import time:   1332894 |    1332894 |         rest_framework.utils.json
import time:   1508912 |    4260337 |       rest_framework.utils.serializer_helpers
import time:   1423341 |    7186587 |     rest_framework.exceptions
import time:   1750105 |    1750105 |       rest_framework.settings
import time:   1506777 |    3256882 |     rest_framework.request
import time:   2449327 |    2449327 |           django.contrib.postgres
import time:   1461072 |    1461072 |                     django.db.backends.postgresql
import time:       427 |        427 |                     psycopg
import time:       200 |        200 |                     psycopg2
import time:   1793609 |    3255306 |                   django.db.backends.postgresql.psycopg_any
import time:   1433165 |    4688470 |                 django.contrib.postgres.search
import time:   1282290 |    5970760 |               django.contrib.postgres.lookups
import time:   1536169 |    7506929 |             django.contrib.postgres.fields.array
import time:   1423155 |    8930083 |           django.contrib.postgres.fields
import time:       222 |        222 |           coreapi
import time:       156 |        156 |           uritemplate
import time:       138 |        138 |           coreschema
import time:       119 |        119 |           yaml
import time:       119 |        119 |           inflection
import time:   1352126 |    1352126 |               urllib3.exceptions
import time:   2439105 |    2439105 |                       urllib3.util.timeout
import time:   1323859 |    3762964 |                     urllib3.util.connection
import time:   1342072 |    1342072 |                       urllib3.util.util
import time:       165 |        165 |                       brotlicffi
import time:        42 |         42 |                       brotli
import time:        40 |         40 |                       backports
import time:   1686263 |    3028582 |                     urllib3.util.request
import time:   1533860 |    1533860 |                     urllib3.util.response
import time:   1439624 |    1439624 |                     urllib3.util.retry
import time:   1399326 |    1399326 |                       urllib3.util.url
import time:   1337228 |    1337228 |                       urllib3.util.ssltransport
import time:   1477047 |    4213600 |                     urllib3.util.ssl_
import time:   1743276 |    1743276 |                     urllib3.util.wait
import time:   1557159 |   17279061 |                   urllib3.util
import time:       390 |   17279451 |                 urllib3.util.connection
import time:   2336036 |   19615487 |               urllib3._base_connection
import time:   1611831 |    1611831 |               urllib3._collections
import time:   1372179 |    1372179 |               urllib3._version
import time:   1753523 |    1753523 |                     urllib3.fields
import time:   1897735 |    3651258 |                   urllib3.filepost
import time:       248 |        248 |                     brotlicffi
import time:       108 |        108 |                     brotli
import time:      4564 |       4564 |                             _csv
import time:      2905 |       7468 |                           csv
import time:       590 |        590 |                               zipfile._path.glob
import time:      1977 |       2567 |                             zipfile._path
import time:      2666 |       5232 |                           zipfile
import time:       325 |        325 |                               importlib.metadata._functools
import time:       578 |        903 |                             importlib.metadata._text
import time:      1255 |       2158 |                           importlib.metadata._adapters
import time:      1073 |       1073 |                           importlib.metadata._meta
import time:       590 |        590 |                           importlib.metadata._collections
import time:       286 |        286 |                           importlib.metadata._itertools
import time:      1017 |       1017 |                                 importlib.resources.abc
import time:       876 |        876 |                                 importlib.resources._adapters
import time:      1197 |       3089 |                               importlib.resources._common
import time:       516 |        516 |                               importlib.resources._legacy
import time:       331 |       3935 |                             importlib.resources
import time:      2614 |       6549 |                           importlib.abc
import time:      5983 |      29335 |                         importlib.metadata
import time:   1708783 |    1738118 |                       urllib3.http2
import time:   1664102 |    1664102 |                       urllib3.http2.probe
import time:   3640357 |    3640357 |                       urllib3.util.ssl_match_hostname
import time:   1502106 |    8544682 |                     urllib3.connection
import time:       365 |        365 |                     backports
import time:   2033808 |   10579209 |                   urllib3.response
import time:   1673732 |   15904197 |                 urllib3._request_methods
import time:   1678165 |    1678165 |                 urllib3.util.proxy
import time:   1630640 |   19213002 |               urllib3.connectionpool
import time:   1758069 |    1758069 |               urllib3.poolmanager
import time:   2403861 |   47326553 |             urllib3
import time:   1484739 |    1484739 |                     charset_normalizer.constant
import time:   2903587 |    2903587 |                       charset_normalizer.md__mypyc
import time:      4650 |       4650 |                         _multibytecodec
import time:   2113505 |    2118155 |                       charset_normalizer.utils
import time:   1954548 |    6976289 |                     charset_normalizer.md
import time:   1464767 |    1464767 |                     charset_normalizer.models
import time:   1944123 |   11869917 |                   charset_normalizer.cd
import time:   1511908 |   13381824 |                 charset_normalizer.api
import time:   2292641 |    2292641 |                 charset_normalizer.legacy
